2019-04-08 14:32:57,481[yyyy-MM-dd HH:mm:ss]-0 - [main] DEBUG org.springframework.core.env.StandardEnvironment  - Adding [systemProperties] PropertySource with lowest search precedence
2019-04-08 14:32:57,484[yyyy-MM-dd HH:mm:ss]-3 - [main] DEBUG org.springframework.core.env.StandardEnvironment  - Adding [systemEnvironment] PropertySource with lowest search precedence
2019-04-08 14:32:57,485[yyyy-MM-dd HH:mm:ss]-4 - [main] DEBUG org.springframework.core.env.StandardEnvironment  - Initialized StandardEnvironment with PropertySources [systemProperties,systemEnvironment]
2019-04-08 14:32:57,589[yyyy-MM-dd HH:mm:ss]-108 - [main] INFO org.springframework.context.annotation.AnnotationConfigApplicationContext  - Refreshing org.springframework.context.annotation.AnnotationConfigApplicationContext@5aaa6d82: startup date [Mon Apr 08 14:32:57 IST 2019]; root of context hierarchy
2019-04-08 14:32:57,592[yyyy-MM-dd HH:mm:ss]-111 - [main] DEBUG org.springframework.context.annotation.AnnotationConfigApplicationContext  - Bean factory for org.springframework.context.annotation.AnnotationConfigApplicationContext@5aaa6d82: org.springframework.beans.factory.support.DefaultListableBeanFactory@50f8360d: defining beans [org.springframework.context.annotation.internalConfigurationAnnotationProcessor,org.springframework.context.annotation.internalAutowiredAnnotationProcessor,org.springframework.context.annotation.internalRequiredAnnotationProcessor,org.springframework.context.annotation.internalCommonAnnotationProcessor,org.springframework.context.event.internalEventListenerProcessor,org.springframework.context.event.internalEventListenerFactory,bankAppConfig]; root of factory hierarchy
2019-04-08 14:32:57,611[yyyy-MM-dd HH:mm:ss]-130 - [main] DEBUG org.springframework.beans.factory.support.DefaultListableBeanFactory  - Creating shared instance of singleton bean 'org.springframework.context.annotation.internalConfigurationAnnotationProcessor'
2019-04-08 14:32:57,611[yyyy-MM-dd HH:mm:ss]-130 - [main] DEBUG org.springframework.beans.factory.support.DefaultListableBeanFactory  - Creating instance of bean 'org.springframework.context.annotation.internalConfigurationAnnotationProcessor'
2019-04-08 14:32:57,645[yyyy-MM-dd HH:mm:ss]-164 - [main] DEBUG org.springframework.beans.factory.support.DefaultListableBeanFactory  - Eagerly caching bean 'org.springframework.context.annotation.internalConfigurationAnnotationProcessor' to allow for resolving potential circular references
2019-04-08 14:32:57,650[yyyy-MM-dd HH:mm:ss]-169 - [main] DEBUG org.springframework.beans.factory.support.DefaultListableBeanFactory  - Finished creating instance of bean 'org.springframework.context.annotation.internalConfigurationAnnotationProcessor'
2019-04-08 14:32:57,736[yyyy-MM-dd HH:mm:ss]-255 - [main] DEBUG org.springframework.context.annotation.ConfigurationClassBeanDefinitionReader  - Registering bean definition for @Bean method com.capgemini.bankapp.config.BankAppConfig.bankAccountDao()
2019-04-08 14:32:57,737[yyyy-MM-dd HH:mm:ss]-256 - [main] DEBUG org.springframework.context.annotation.ConfigurationClassBeanDefinitionReader  - Registering bean definition for @Bean method com.capgemini.bankapp.config.BankAppConfig.bankAccountServiceImpl()
2019-04-08 14:32:57,737[yyyy-MM-dd HH:mm:ss]-256 - [main] DEBUG org.springframework.context.annotation.ConfigurationClassBeanDefinitionReader  - Registering bean definition for @Bean method com.capgemini.bankapp.config.BankAppConfig.connection()
2019-04-08 14:32:57,879[yyyy-MM-dd HH:mm:ss]-398 - [main] DEBUG org.springframework.context.annotation.ConfigurationClassEnhancer  - Successfully enhanced com.capgemini.bankapp.config.BankAppConfig; enhanced class name is: com.capgemini.bankapp.config.BankAppConfig$$EnhancerBySpringCGLIB$$a362ee66
2019-04-08 14:32:57,880[yyyy-MM-dd HH:mm:ss]-399 - [main] DEBUG org.springframework.context.annotation.ConfigurationClassPostProcessor  - Replacing bean definition 'bankAppConfig' existing class 'com.capgemini.bankapp.config.BankAppConfig' with enhanced class 'com.capgemini.bankapp.config.BankAppConfig$$EnhancerBySpringCGLIB$$a362ee66'
2019-04-08 14:32:57,882[yyyy-MM-dd HH:mm:ss]-401 - [main] DEBUG org.springframework.beans.factory.support.DefaultListableBeanFactory  - Creating shared instance of singleton bean 'org.springframework.context.annotation.internalAutowiredAnnotationProcessor'
2019-04-08 14:32:57,882[yyyy-MM-dd HH:mm:ss]-401 - [main] DEBUG org.springframework.beans.factory.support.DefaultListableBeanFactory  - Creating instance of bean 'org.springframework.context.annotation.internalAutowiredAnnotationProcessor'
2019-04-08 14:32:57,883[yyyy-MM-dd HH:mm:ss]-402 - [main] DEBUG org.springframework.beans.factory.support.DefaultListableBeanFactory  - Eagerly caching bean 'org.springframework.context.annotation.internalAutowiredAnnotationProcessor' to allow for resolving potential circular references
2019-04-08 14:32:57,906[yyyy-MM-dd HH:mm:ss]-425 - [main] DEBUG org.springframework.beans.factory.support.DefaultListableBeanFactory  - Finished creating instance of bean 'org.springframework.context.annotation.internalAutowiredAnnotationProcessor'
2019-04-08 14:32:57,906[yyyy-MM-dd HH:mm:ss]-425 - [main] DEBUG org.springframework.beans.factory.support.DefaultListableBeanFactory  - Creating shared instance of singleton bean 'org.springframework.context.annotation.internalRequiredAnnotationProcessor'
2019-04-08 14:32:57,906[yyyy-MM-dd HH:mm:ss]-425 - [main] DEBUG org.springframework.beans.factory.support.DefaultListableBeanFactory  - Creating instance of bean 'org.springframework.context.annotation.internalRequiredAnnotationProcessor'
2019-04-08 14:32:57,907[yyyy-MM-dd HH:mm:ss]-426 - [main] DEBUG org.springframework.beans.factory.support.DefaultListableBeanFactory  - Eagerly caching bean 'org.springframework.context.annotation.internalRequiredAnnotationProcessor' to allow for resolving potential circular references
2019-04-08 14:32:57,911[yyyy-MM-dd HH:mm:ss]-430 - [main] DEBUG org.springframework.beans.factory.support.DefaultListableBeanFactory  - Finished creating instance of bean 'org.springframework.context.annotation.internalRequiredAnnotationProcessor'
2019-04-08 14:32:57,911[yyyy-MM-dd HH:mm:ss]-430 - [main] DEBUG org.springframework.beans.factory.support.DefaultListableBeanFactory  - Creating shared instance of singleton bean 'org.springframework.context.annotation.internalCommonAnnotationProcessor'
2019-04-08 14:32:57,911[yyyy-MM-dd HH:mm:ss]-430 - [main] DEBUG org.springframework.beans.factory.support.DefaultListableBeanFactory  - Creating instance of bean 'org.springframework.context.annotation.internalCommonAnnotationProcessor'
2019-04-08 14:32:57,921[yyyy-MM-dd HH:mm:ss]-440 - [main] DEBUG org.springframework.beans.factory.support.DefaultListableBeanFactory  - Eagerly caching bean 'org.springframework.context.annotation.internalCommonAnnotationProcessor' to allow for resolving potential circular references
2019-04-08 14:32:57,928[yyyy-MM-dd HH:mm:ss]-447 - [main] DEBUG org.springframework.beans.factory.support.DefaultListableBeanFactory  - Finished creating instance of bean 'org.springframework.context.annotation.internalCommonAnnotationProcessor'
2019-04-08 14:32:57,932[yyyy-MM-dd HH:mm:ss]-451 - [main] DEBUG org.springframework.context.annotation.AnnotationConfigApplicationContext  - Unable to locate MessageSource with name 'messageSource': using default [org.springframework.context.support.DelegatingMessageSource@101df177]
2019-04-08 14:32:57,935[yyyy-MM-dd HH:mm:ss]-454 - [main] DEBUG org.springframework.context.annotation.AnnotationConfigApplicationContext  - Unable to locate ApplicationEventMulticaster with name 'applicationEventMulticaster': using default [org.springframework.context.event.SimpleApplicationEventMulticaster@6e2c9341]
2019-04-08 14:32:57,938[yyyy-MM-dd HH:mm:ss]-457 - [main] DEBUG org.springframework.beans.factory.support.DefaultListableBeanFactory  - Pre-instantiating singletons in org.springframework.beans.factory.support.DefaultListableBeanFactory@50f8360d: defining beans [org.springframework.context.annotation.internalConfigurationAnnotationProcessor,org.springframework.context.annotation.internalAutowiredAnnotationProcessor,org.springframework.context.annotation.internalRequiredAnnotationProcessor,org.springframework.context.annotation.internalCommonAnnotationProcessor,org.springframework.context.event.internalEventListenerProcessor,org.springframework.context.event.internalEventListenerFactory,bankAppConfig,bankAccountDao,bankAccountServiceImpl,connection]; root of factory hierarchy
2019-04-08 14:32:57,938[yyyy-MM-dd HH:mm:ss]-457 - [main] DEBUG org.springframework.beans.factory.support.DefaultListableBeanFactory  - Returning cached instance of singleton bean 'org.springframework.context.annotation.internalConfigurationAnnotationProcessor'
2019-04-08 14:32:57,938[yyyy-MM-dd HH:mm:ss]-457 - [main] DEBUG org.springframework.beans.factory.support.DefaultListableBeanFactory  - Returning cached instance of singleton bean 'org.springframework.context.annotation.internalAutowiredAnnotationProcessor'
2019-04-08 14:32:57,938[yyyy-MM-dd HH:mm:ss]-457 - [main] DEBUG org.springframework.beans.factory.support.DefaultListableBeanFactory  - Returning cached instance of singleton bean 'org.springframework.context.annotation.internalRequiredAnnotationProcessor'
2019-04-08 14:32:57,939[yyyy-MM-dd HH:mm:ss]-458 - [main] DEBUG org.springframework.beans.factory.support.DefaultListableBeanFactory  - Returning cached instance of singleton bean 'org.springframework.context.annotation.internalCommonAnnotationProcessor'
2019-04-08 14:32:57,939[yyyy-MM-dd HH:mm:ss]-458 - [main] DEBUG org.springframework.beans.factory.support.DefaultListableBeanFactory  - Creating shared instance of singleton bean 'org.springframework.context.event.internalEventListenerProcessor'
2019-04-08 14:32:57,939[yyyy-MM-dd HH:mm:ss]-458 - [main] DEBUG org.springframework.beans.factory.support.DefaultListableBeanFactory  - Creating instance of bean 'org.springframework.context.event.internalEventListenerProcessor'
2019-04-08 14:32:57,950[yyyy-MM-dd HH:mm:ss]-469 - [main] DEBUG org.springframework.beans.factory.support.DefaultListableBeanFactory  - Eagerly caching bean 'org.springframework.context.event.internalEventListenerProcessor' to allow for resolving potential circular references
2019-04-08 14:32:57,957[yyyy-MM-dd HH:mm:ss]-476 - [main] DEBUG org.springframework.beans.factory.support.DefaultListableBeanFactory  - Finished creating instance of bean 'org.springframework.context.event.internalEventListenerProcessor'
2019-04-08 14:32:57,957[yyyy-MM-dd HH:mm:ss]-476 - [main] DEBUG org.springframework.beans.factory.support.DefaultListableBeanFactory  - Creating shared instance of singleton bean 'org.springframework.context.event.internalEventListenerFactory'
2019-04-08 14:32:57,957[yyyy-MM-dd HH:mm:ss]-476 - [main] DEBUG org.springframework.beans.factory.support.DefaultListableBeanFactory  - Creating instance of bean 'org.springframework.context.event.internalEventListenerFactory'
2019-04-08 14:32:57,958[yyyy-MM-dd HH:mm:ss]-477 - [main] DEBUG org.springframework.beans.factory.support.DefaultListableBeanFactory  - Eagerly caching bean 'org.springframework.context.event.internalEventListenerFactory' to allow for resolving potential circular references
2019-04-08 14:32:57,961[yyyy-MM-dd HH:mm:ss]-480 - [main] DEBUG org.springframework.beans.factory.support.DefaultListableBeanFactory  - Finished creating instance of bean 'org.springframework.context.event.internalEventListenerFactory'
2019-04-08 14:32:57,961[yyyy-MM-dd HH:mm:ss]-480 - [main] DEBUG org.springframework.beans.factory.support.DefaultListableBeanFactory  - Creating shared instance of singleton bean 'bankAppConfig'
2019-04-08 14:32:57,961[yyyy-MM-dd HH:mm:ss]-480 - [main] DEBUG org.springframework.beans.factory.support.DefaultListableBeanFactory  - Creating instance of bean 'bankAppConfig'
2019-04-08 14:32:57,962[yyyy-MM-dd HH:mm:ss]-481 - [main] DEBUG org.springframework.beans.factory.support.DefaultListableBeanFactory  - Eagerly caching bean 'bankAppConfig' to allow for resolving potential circular references
2019-04-08 14:32:57,966[yyyy-MM-dd HH:mm:ss]-485 - [main] DEBUG org.springframework.beans.factory.support.DefaultListableBeanFactory  - Finished creating instance of bean 'bankAppConfig'
2019-04-08 14:32:57,966[yyyy-MM-dd HH:mm:ss]-485 - [main] DEBUG org.springframework.beans.factory.support.DefaultListableBeanFactory  - Creating shared instance of singleton bean 'bankAccountDao'
2019-04-08 14:32:57,967[yyyy-MM-dd HH:mm:ss]-486 - [main] DEBUG org.springframework.beans.factory.support.DefaultListableBeanFactory  - Creating instance of bean 'bankAccountDao'
2019-04-08 14:32:57,968[yyyy-MM-dd HH:mm:ss]-487 - [main] DEBUG org.springframework.beans.factory.support.DefaultListableBeanFactory  - Returning cached instance of singleton bean 'bankAppConfig'
2019-04-08 14:32:57,989[yyyy-MM-dd HH:mm:ss]-508 - [main] DEBUG org.springframework.beans.factory.support.DefaultListableBeanFactory  - Creating shared instance of singleton bean 'connection'
2019-04-08 14:32:57,989[yyyy-MM-dd HH:mm:ss]-508 - [main] DEBUG org.springframework.beans.factory.support.DefaultListableBeanFactory  - Creating instance of bean 'connection'
2019-04-08 14:32:57,989[yyyy-MM-dd HH:mm:ss]-508 - [main] DEBUG org.springframework.beans.factory.support.DefaultListableBeanFactory  - Returning cached instance of singleton bean 'bankAppConfig'
2019-04-08 14:32:58,290[yyyy-MM-dd HH:mm:ss]-809 - [main] DEBUG org.springframework.beans.factory.support.DefaultListableBeanFactory  - Eagerly caching bean 'connection' to allow for resolving potential circular references
2019-04-08 14:32:58,361[yyyy-MM-dd HH:mm:ss]-880 - [main] DEBUG org.springframework.beans.factory.support.DefaultListableBeanFactory  - Finished creating instance of bean 'connection'
2019-04-08 14:32:58,365[yyyy-MM-dd HH:mm:ss]-884 - [main] DEBUG org.springframework.beans.factory.support.DefaultListableBeanFactory  - Eagerly caching bean 'bankAccountDao' to allow for resolving potential circular references
2019-04-08 14:32:58,368[yyyy-MM-dd HH:mm:ss]-887 - [main] DEBUG org.springframework.beans.factory.support.DefaultListableBeanFactory  - Finished creating instance of bean 'bankAccountDao'
2019-04-08 14:32:58,369[yyyy-MM-dd HH:mm:ss]-888 - [main] DEBUG org.springframework.beans.factory.support.DefaultListableBeanFactory  - Creating shared instance of singleton bean 'bankAccountServiceImpl'
2019-04-08 14:32:58,369[yyyy-MM-dd HH:mm:ss]-888 - [main] DEBUG org.springframework.beans.factory.support.DefaultListableBeanFactory  - Creating instance of bean 'bankAccountServiceImpl'
2019-04-08 14:32:58,369[yyyy-MM-dd HH:mm:ss]-888 - [main] DEBUG org.springframework.beans.factory.support.DefaultListableBeanFactory  - Returning cached instance of singleton bean 'bankAppConfig'
2019-04-08 14:32:58,369[yyyy-MM-dd HH:mm:ss]-888 - [main] DEBUG org.springframework.beans.factory.support.DefaultListableBeanFactory  - Returning cached instance of singleton bean 'bankAccountDao'
2019-04-08 14:32:58,370[yyyy-MM-dd HH:mm:ss]-889 - [main] DEBUG org.springframework.beans.factory.support.DefaultListableBeanFactory  - Eagerly caching bean 'bankAccountServiceImpl' to allow for resolving potential circular references
2019-04-08 14:32:58,373[yyyy-MM-dd HH:mm:ss]-892 - [main] DEBUG org.springframework.beans.factory.support.DefaultListableBeanFactory  - Finished creating instance of bean 'bankAccountServiceImpl'
2019-04-08 14:32:58,373[yyyy-MM-dd HH:mm:ss]-892 - [main] DEBUG org.springframework.beans.factory.support.DefaultListableBeanFactory  - Returning cached instance of singleton bean 'connection'
2019-04-08 14:32:58,373[yyyy-MM-dd HH:mm:ss]-892 - [main] DEBUG org.springframework.beans.factory.support.DefaultListableBeanFactory  - Returning cached instance of singleton bean 'org.springframework.context.event.internalEventListenerFactory'
2019-04-08 14:32:58,399[yyyy-MM-dd HH:mm:ss]-918 - [main] DEBUG org.springframework.context.annotation.AnnotationConfigApplicationContext  - Unable to locate LifecycleProcessor with name 'lifecycleProcessor': using default [org.springframework.context.support.DefaultLifecycleProcessor@1df82230]
2019-04-08 14:32:58,399[yyyy-MM-dd HH:mm:ss]-918 - [main] DEBUG org.springframework.beans.factory.support.DefaultListableBeanFactory  - Returning cached instance of singleton bean 'lifecycleProcessor'
2019-04-08 14:32:58,402[yyyy-MM-dd HH:mm:ss]-921 - [main] DEBUG org.springframework.core.env.PropertySourcesPropertyResolver  - Could not find key 'spring.liveBeansView.mbeanDomain' in any property source
2019-04-08 14:32:58,404[yyyy-MM-dd HH:mm:ss]-923 - [main] DEBUG org.springframework.beans.factory.support.DefaultListableBeanFactory  - Returning cached instance of singleton bean 'bankAccountServiceImpl'
